<!DOCTYPE html PUBLIC "-//W3C//DTD XHTML 1.1//EN" "http://www.w3.org/TR/xhtml11/DTD/xhtml11.dtd">
<html xmlns="http://www.w3.org/1999/xhtml">
<head>
<meta http-equiv="content-type" content="text/html; charset=UTF-8"/>
<title>TestNG Report</title>
<style type="text/css">table {margin-bottom:10px;border-collapse:collapse;empty-cells:show}th,td {border:1px solid #009;padding:.25em .5em}th {vertical-align:bottom}td {vertical-align:top}table a {font-weight:bold}.stripe td {background-color: #E6EBF9}.num {text-align:right}.passedodd td {background-color: #3F3}.passedeven td {background-color: #0A0}.skippedodd td {background-color: #DDD}.skippedeven td {background-color: #CCC}.failedodd td,.attn {background-color: #F33}.failedeven td,.stripe .attn {background-color: #D00}.stacktrace {white-space:pre;font-family:monospace}.totop {font-size:85%;text-align:center;border-bottom:2px solid #000}.invisible {display:none}</style>
</head>
<body>
<table>
<tr><th>Test</th><th># Passed</th><th># Skipped</th><th># Failed</th><th>Time (ms)</th><th>Included Groups</th><th>Excluded Groups</th></tr>
<tr><th colspan="7">Suite</th></tr>
<tr><td><a href="#t0">ChromeTest</a></td><td class="num">0</td><td class="num">0</td><td class="num attn">1</td><td class="num">4,966</td><td></td><td></td></tr>
<tr class="stripe"><td><a href="#t1">FireFoxTest</a></td><td class="num">0</td><td class="num">0</td><td class="num attn">1</td><td class="num">3,580</td><td></td><td></td></tr>
<tr><td><a href="#t2">EdgeTest</a></td><td class="num">0</td><td class="num">0</td><td class="num attn">1</td><td class="num">3,487</td><td></td><td></td></tr>
<tr class="stripe"><td><a href="#t3">SafariTest</a></td><td class="num">0</td><td class="num">0</td><td class="num attn">1</td><td class="num">3,634</td><td></td><td></td></tr>
<tr><th>Total</th><th class="num">0</th><th class="num">0</th><th class="num attn">4</th><th class="num">15,667</th><th colspan="2"></th></tr>
</table>
<table id='summary'><thead><tr><th>Class</th><th>Method</th><th>Start</th><th>Time (ms)</th></tr></thead><tbody><tr><th colspan="4">Suite</th></tr></tbody><tbody id="t0"><tr><th colspan="4">ChromeTest &#8212; failed</th></tr><tr class="failedeven"><td rowspan="1">pages.AutoDataTest</td><td><a href="#m0">autoTest</a></td><td rowspan="1">1668295545379</td><td rowspan="1">800</td></tr></tbody>
<tbody id="t1"><tr><th colspan="4">FireFoxTest &#8212; failed</th></tr><tr class="failedeven"><td rowspan="1">pages.AutoDataTest</td><td><a href="#m1">autoTest</a></td><td rowspan="1">1668295549206</td><td rowspan="1">746</td></tr></tbody>
<tbody id="t2"><tr><th colspan="4">EdgeTest &#8212; failed</th></tr><tr class="failedeven"><td rowspan="1">pages.AutoDataTest</td><td><a href="#m2">autoTest</a></td><td rowspan="1">1668295552813</td><td rowspan="1">739</td></tr></tbody>
<tbody id="t3"><tr><th colspan="4">SafariTest &#8212; failed</th></tr><tr class="failedeven"><td rowspan="1">pages.AutoDataTest</td><td><a href="#m3">autoTest</a></td><td rowspan="1">1668295556350</td><td rowspan="1">710</td></tr></tbody>
</table>
<h2>ChromeTest</h2><h3 id="m0">pages.AutoDataTest#autoTest</h3><table class="result"><tr><th>Messages</th></tr><tr><td><div class="messages">[[SafariDriver: Safari on MAC (E3A2C791-6FD0-4303-AA96-FD61DE85894E)] -> xpath: (//span[@class='header__login-label font-meta-1'])[1]]<--- has been clicked<br><br/>for_businesses : has been selected for ---> [[SafariDriver: Safari on MAC (E3A2C791-6FD0-4303-AA96-FD61DE85894E)] -> xpath: //select[@id='login-select-tooltip']]<br><br/>metlink : has been selected for ---> [[SafariDriver: Safari on MAC (E3A2C791-6FD0-4303-AA96-FD61DE85894E)] -> xpath: (//select[@class='login-type'])[2]]<br><br/>[[SafariDriver: Safari on MAC (E3A2C791-6FD0-4303-AA96-FD61DE85894E)] -> css selector: .brand-button.js-submitLogin]<--- has been clicked<br></div></td></tr><tr><th>Exception</th></tr><tr><td><div class="stacktrace">org.openqa.selenium.NoSuchFrameException: 
Build info: version: &apos;3.141.59&apos;, revision: &apos;e82be7d358&apos;, time: &apos;2018-11-14T08:17:03&apos;
System info: host: &apos;Braidens-MacBook-Pro.local&apos;, ip: &apos;2601:86:300:4040:0:0:0:d281%en0&apos;, os.name: &apos;Mac OS X&apos;, os.arch: &apos;x86_64&apos;, os.version: &apos;12.1&apos;, java.version: &apos;1.8.0_331&apos;
Driver info: org.openqa.selenium.safari.SafariDriver
Capabilities {acceptInsecureCerts: false, browserName: Safari, browserVersion: 15.2, javascriptEnabled: true, platform: MAC, platformName: MAC, safari:automaticInspection: false, safari:automaticProfiling: false, safari:diagnose: false, safari:platformBuildVersion: 21C52, safari:platformVersion: 12.1, safari:useSimulator: false, setWindowRect: true, strictFileInteractability: false, webkit:WebRTC: {DisableICECandidateFiltering: false, DisableInsecureMediaCapture: false}}
Session ID: E3A2C791-6FD0-4303-AA96-FD61DE85894E
*** Element info: {Using=xpath, value=//input[@id=&apos;userNameId&apos;]}
	at org.openqa.selenium.remote.http.W3CHttpResponseCodec.createException(W3CHttpResponseCodec.java:187)
	at org.openqa.selenium.remote.http.W3CHttpResponseCodec.decode(W3CHttpResponseCodec.java:122)
	at org.openqa.selenium.remote.http.W3CHttpResponseCodec.decode(W3CHttpResponseCodec.java:49)
	at org.openqa.selenium.remote.HttpCommandExecutor.execute(HttpCommandExecutor.java:158)
	at org.openqa.selenium.remote.service.DriverCommandExecutor.execute(DriverCommandExecutor.java:83)
	at org.openqa.selenium.remote.RemoteWebDriver.execute(RemoteWebDriver.java:552)
	at org.openqa.selenium.remote.RemoteWebDriver.findElement(RemoteWebDriver.java:323)
	at org.openqa.selenium.remote.RemoteWebDriver.findElementByXPath(RemoteWebDriver.java:428)
	at org.openqa.selenium.By$ByXPath.findElement(By.java:353)
	at org.openqa.selenium.remote.RemoteWebDriver.findElement(RemoteWebDriver.java:315)
	at org.openqa.selenium.support.pagefactory.DefaultElementLocator.findElement(DefaultElementLocator.java:69)
	at org.openqa.selenium.support.pagefactory.internal.LocatingElementHandler.invoke(LocatingElementHandler.java:38)
	at com.sun.proxy.$Proxy13.sendKeys(Unknown Source)
	at common.CommonActions.inputText(CommonActions.java:58)
	at pages.LogInPage.logInSteps(LogInPage.java:27)
	at pages.AutoDataTest.autoTest(AutoDataTest.java:15)
... Removed 29 stack frames</div></td></tr></table><p class="totop"><a href="#summary">back to summary</a></p>
<h2>FireFoxTest</h2><h3 id="m1">pages.AutoDataTest#autoTest</h3><table class="result"><tr><th>Messages</th></tr><tr><td><div class="messages">[[SafariDriver: Safari on MAC (BCA6BD7B-125F-4283-B409-362F083F4572)] -> xpath: (//span[@class='header__login-label font-meta-1'])[1]]<--- has been clicked<br><br/>for_businesses : has been selected for ---> [[SafariDriver: Safari on MAC (BCA6BD7B-125F-4283-B409-362F083F4572)] -> xpath: //select[@id='login-select-tooltip']]<br><br/>metlink : has been selected for ---> [[SafariDriver: Safari on MAC (BCA6BD7B-125F-4283-B409-362F083F4572)] -> xpath: (//select[@class='login-type'])[2]]<br><br/>[[SafariDriver: Safari on MAC (BCA6BD7B-125F-4283-B409-362F083F4572)] -> css selector: .brand-button.js-submitLogin]<--- has been clicked<br></div></td></tr><tr><th>Exception</th></tr><tr><td><div class="stacktrace">org.openqa.selenium.NoSuchFrameException: 
Build info: version: &apos;3.141.59&apos;, revision: &apos;e82be7d358&apos;, time: &apos;2018-11-14T08:17:03&apos;
System info: host: &apos;Braidens-MacBook-Pro.local&apos;, ip: &apos;2601:86:300:4040:0:0:0:d281%en0&apos;, os.name: &apos;Mac OS X&apos;, os.arch: &apos;x86_64&apos;, os.version: &apos;12.1&apos;, java.version: &apos;1.8.0_331&apos;
Driver info: org.openqa.selenium.safari.SafariDriver
Capabilities {acceptInsecureCerts: false, browserName: Safari, browserVersion: 15.2, javascriptEnabled: true, platform: MAC, platformName: MAC, safari:automaticInspection: false, safari:automaticProfiling: false, safari:diagnose: false, safari:platformBuildVersion: 21C52, safari:platformVersion: 12.1, safari:useSimulator: false, setWindowRect: true, strictFileInteractability: false, webkit:WebRTC: {DisableICECandidateFiltering: false, DisableInsecureMediaCapture: false}}
Session ID: BCA6BD7B-125F-4283-B409-362F083F4572
*** Element info: {Using=xpath, value=//input[@id=&apos;userNameId&apos;]}
	at org.openqa.selenium.remote.http.W3CHttpResponseCodec.createException(W3CHttpResponseCodec.java:187)
	at org.openqa.selenium.remote.http.W3CHttpResponseCodec.decode(W3CHttpResponseCodec.java:122)
	at org.openqa.selenium.remote.http.W3CHttpResponseCodec.decode(W3CHttpResponseCodec.java:49)
	at org.openqa.selenium.remote.HttpCommandExecutor.execute(HttpCommandExecutor.java:158)
	at org.openqa.selenium.remote.service.DriverCommandExecutor.execute(DriverCommandExecutor.java:83)
	at org.openqa.selenium.remote.RemoteWebDriver.execute(RemoteWebDriver.java:552)
	at org.openqa.selenium.remote.RemoteWebDriver.findElement(RemoteWebDriver.java:323)
	at org.openqa.selenium.remote.RemoteWebDriver.findElementByXPath(RemoteWebDriver.java:428)
	at org.openqa.selenium.By$ByXPath.findElement(By.java:353)
	at org.openqa.selenium.remote.RemoteWebDriver.findElement(RemoteWebDriver.java:315)
	at org.openqa.selenium.support.pagefactory.DefaultElementLocator.findElement(DefaultElementLocator.java:69)
	at org.openqa.selenium.support.pagefactory.internal.LocatingElementHandler.invoke(LocatingElementHandler.java:38)
	at com.sun.proxy.$Proxy13.sendKeys(Unknown Source)
	at common.CommonActions.inputText(CommonActions.java:58)
	at pages.LogInPage.logInSteps(LogInPage.java:27)
	at pages.AutoDataTest.autoTest(AutoDataTest.java:15)
... Removed 29 stack frames</div></td></tr></table><p class="totop"><a href="#summary">back to summary</a></p>
<h2>EdgeTest</h2><h3 id="m2">pages.AutoDataTest#autoTest</h3><table class="result"><tr><th>Messages</th></tr><tr><td><div class="messages">[[SafariDriver: Safari on MAC (15CA638D-6CFC-45A8-BB18-120ADD5A67B7)] -> xpath: (//span[@class='header__login-label font-meta-1'])[1]]<--- has been clicked<br><br/>for_businesses : has been selected for ---> [[SafariDriver: Safari on MAC (15CA638D-6CFC-45A8-BB18-120ADD5A67B7)] -> xpath: //select[@id='login-select-tooltip']]<br><br/>metlink : has been selected for ---> [[SafariDriver: Safari on MAC (15CA638D-6CFC-45A8-BB18-120ADD5A67B7)] -> xpath: (//select[@class='login-type'])[2]]<br><br/>[[SafariDriver: Safari on MAC (15CA638D-6CFC-45A8-BB18-120ADD5A67B7)] -> css selector: .brand-button.js-submitLogin]<--- has been clicked<br></div></td></tr><tr><th>Exception</th></tr><tr><td><div class="stacktrace">org.openqa.selenium.NoSuchFrameException: 
Build info: version: &apos;3.141.59&apos;, revision: &apos;e82be7d358&apos;, time: &apos;2018-11-14T08:17:03&apos;
System info: host: &apos;Braidens-MacBook-Pro.local&apos;, ip: &apos;2601:86:300:4040:0:0:0:d281%en0&apos;, os.name: &apos;Mac OS X&apos;, os.arch: &apos;x86_64&apos;, os.version: &apos;12.1&apos;, java.version: &apos;1.8.0_331&apos;
Driver info: org.openqa.selenium.safari.SafariDriver
Capabilities {acceptInsecureCerts: false, browserName: Safari, browserVersion: 15.2, javascriptEnabled: true, platform: MAC, platformName: MAC, safari:automaticInspection: false, safari:automaticProfiling: false, safari:diagnose: false, safari:platformBuildVersion: 21C52, safari:platformVersion: 12.1, safari:useSimulator: false, setWindowRect: true, strictFileInteractability: false, webkit:WebRTC: {DisableICECandidateFiltering: false, DisableInsecureMediaCapture: false}}
Session ID: 15CA638D-6CFC-45A8-BB18-120ADD5A67B7
*** Element info: {Using=xpath, value=//input[@id=&apos;userNameId&apos;]}
	at org.openqa.selenium.remote.http.W3CHttpResponseCodec.createException(W3CHttpResponseCodec.java:187)
	at org.openqa.selenium.remote.http.W3CHttpResponseCodec.decode(W3CHttpResponseCodec.java:122)
	at org.openqa.selenium.remote.http.W3CHttpResponseCodec.decode(W3CHttpResponseCodec.java:49)
	at org.openqa.selenium.remote.HttpCommandExecutor.execute(HttpCommandExecutor.java:158)
	at org.openqa.selenium.remote.service.DriverCommandExecutor.execute(DriverCommandExecutor.java:83)
	at org.openqa.selenium.remote.RemoteWebDriver.execute(RemoteWebDriver.java:552)
	at org.openqa.selenium.remote.RemoteWebDriver.findElement(RemoteWebDriver.java:323)
	at org.openqa.selenium.remote.RemoteWebDriver.findElementByXPath(RemoteWebDriver.java:428)
	at org.openqa.selenium.By$ByXPath.findElement(By.java:353)
	at org.openqa.selenium.remote.RemoteWebDriver.findElement(RemoteWebDriver.java:315)
	at org.openqa.selenium.support.pagefactory.DefaultElementLocator.findElement(DefaultElementLocator.java:69)
	at org.openqa.selenium.support.pagefactory.internal.LocatingElementHandler.invoke(LocatingElementHandler.java:38)
	at com.sun.proxy.$Proxy13.sendKeys(Unknown Source)
	at common.CommonActions.inputText(CommonActions.java:58)
	at pages.LogInPage.logInSteps(LogInPage.java:27)
	at pages.AutoDataTest.autoTest(AutoDataTest.java:15)
... Removed 29 stack frames</div></td></tr></table><p class="totop"><a href="#summary">back to summary</a></p>
<h2>SafariTest</h2><h3 id="m3">pages.AutoDataTest#autoTest</h3><table class="result"><tr><th>Messages</th></tr><tr><td><div class="messages">[[SafariDriver: Safari on MAC (72D247FC-3ACD-42A3-9E32-FD5401C66C60)] -> xpath: (//span[@class='header__login-label font-meta-1'])[1]]<--- has been clicked<br><br/>for_businesses : has been selected for ---> [[SafariDriver: Safari on MAC (72D247FC-3ACD-42A3-9E32-FD5401C66C60)] -> xpath: //select[@id='login-select-tooltip']]<br><br/>metlink : has been selected for ---> [[SafariDriver: Safari on MAC (72D247FC-3ACD-42A3-9E32-FD5401C66C60)] -> xpath: (//select[@class='login-type'])[2]]<br><br/>[[SafariDriver: Safari on MAC (72D247FC-3ACD-42A3-9E32-FD5401C66C60)] -> css selector: .brand-button.js-submitLogin]<--- has been clicked<br></div></td></tr><tr><th>Exception</th></tr><tr><td><div class="stacktrace">org.openqa.selenium.NoSuchFrameException: 
Build info: version: &apos;3.141.59&apos;, revision: &apos;e82be7d358&apos;, time: &apos;2018-11-14T08:17:03&apos;
System info: host: &apos;Braidens-MacBook-Pro.local&apos;, ip: &apos;2601:86:300:4040:0:0:0:d281%en0&apos;, os.name: &apos;Mac OS X&apos;, os.arch: &apos;x86_64&apos;, os.version: &apos;12.1&apos;, java.version: &apos;1.8.0_331&apos;
Driver info: org.openqa.selenium.safari.SafariDriver
Capabilities {acceptInsecureCerts: false, browserName: Safari, browserVersion: 15.2, javascriptEnabled: true, platform: MAC, platformName: MAC, safari:automaticInspection: false, safari:automaticProfiling: false, safari:diagnose: false, safari:platformBuildVersion: 21C52, safari:platformVersion: 12.1, safari:useSimulator: false, setWindowRect: true, strictFileInteractability: false, webkit:WebRTC: {DisableICECandidateFiltering: false, DisableInsecureMediaCapture: false}}
Session ID: 72D247FC-3ACD-42A3-9E32-FD5401C66C60
*** Element info: {Using=xpath, value=//input[@id=&apos;userNameId&apos;]}
	at org.openqa.selenium.remote.http.W3CHttpResponseCodec.createException(W3CHttpResponseCodec.java:187)
	at org.openqa.selenium.remote.http.W3CHttpResponseCodec.decode(W3CHttpResponseCodec.java:122)
	at org.openqa.selenium.remote.http.W3CHttpResponseCodec.decode(W3CHttpResponseCodec.java:49)
	at org.openqa.selenium.remote.HttpCommandExecutor.execute(HttpCommandExecutor.java:158)
	at org.openqa.selenium.remote.service.DriverCommandExecutor.execute(DriverCommandExecutor.java:83)
	at org.openqa.selenium.remote.RemoteWebDriver.execute(RemoteWebDriver.java:552)
	at org.openqa.selenium.remote.RemoteWebDriver.findElement(RemoteWebDriver.java:323)
	at org.openqa.selenium.remote.RemoteWebDriver.findElementByXPath(RemoteWebDriver.java:428)
	at org.openqa.selenium.By$ByXPath.findElement(By.java:353)
	at org.openqa.selenium.remote.RemoteWebDriver.findElement(RemoteWebDriver.java:315)
	at org.openqa.selenium.support.pagefactory.DefaultElementLocator.findElement(DefaultElementLocator.java:69)
	at org.openqa.selenium.support.pagefactory.internal.LocatingElementHandler.invoke(LocatingElementHandler.java:38)
	at com.sun.proxy.$Proxy13.sendKeys(Unknown Source)
	at common.CommonActions.inputText(CommonActions.java:58)
	at pages.LogInPage.logInSteps(LogInPage.java:27)
	at pages.AutoDataTest.autoTest(AutoDataTest.java:15)
... Removed 29 stack frames</div></td></tr></table><p class="totop"><a href="#summary">back to summary</a></p>
</body>
</html>
